[DEBUG] 2019-12-02 21:24:41 OrkService - Ork Service Initialized
[DEBUG] 2019-12-02 21:24:41 OrkService - get Ork By Name called from Ork service
[DEBUG] 2019-12-02 21:24:41 OrkService - Ork Service Initialized
[DEBUG] 2019-12-02 21:24:41 OrkService - get Ork By Name called from Ork service
[DEBUG] 2019-12-02 21:33:41 OrkService - Ork Service Initialized
[DEBUG] 2019-12-02 21:34:29 OrkService - Ork Service Initialized
[DEBUG] 2019-12-02 21:34:29 OrkService - get All Ork called from Ork service
[DEBUG] 2019-12-02 21:35:50 OrkService - Ork Service Initialized
[DEBUG] 2019-12-02 21:35:50 OrkService - get All Ork called from Ork service
[DEBUG] 2019-12-02 21:38:31 OrkService - Ork Service Initialized
[DEBUG] 2019-12-02 21:38:31 OrkService - get Ork By Name called from Ork service
[DEBUG] 2019-12-02 21:38:35 OrkService - Ork Service Initialized
[DEBUG] 2019-12-02 21:38:35 OrkService - get Ork By Name called from Ork service
[DEBUG] 2019-12-02 21:38:47 OrkService - Ork Service Initialized
[DEBUG] 2019-12-02 21:38:47 OrkService - get Ork By Name called from Ork service
[DEBUG] 2019-12-02 21:38:51 OrkService - Ork Service Initialized
[DEBUG] 2019-12-02 21:38:51 OrkService - get Ork By Name called from Ork service
[DEBUG] 2019-12-02 21:39:24 OrkService - Ork Service Initialized
[DEBUG] 2019-12-02 21:39:24 OrkService - get Ork By Name called from Ork service
[DEBUG] 2019-12-02 21:42:26 OrkService - Ork Service Initialized
[DEBUG] 2019-12-02 21:42:26 OrkService - kill Ork called from Ork service
[DEBUG] 2019-12-02 21:43:06 OrkService - Ork Service Initialized
[DEBUG] 2019-12-02 21:43:06 OrkService - kill Ork called from Ork service
[DEBUG] 2019-12-02 21:43:22 OrkService - Ork Service Initialized
[DEBUG] 2019-12-02 21:43:22 OrkService - kill Ork called from Ork service
[DEBUG] 2019-12-02 21:50:00 OrkService - Ork Service Initialized
[DEBUG] 2019-12-02 21:50:00 OrkService - get Ork By Name called from Ork service
[DEBUG] 2019-12-02 21:55:52 OrkService - Ork Service Initialized
[DEBUG] 2019-12-02 21:55:52 OrkService - add Ork called from Ork service
[DEBUG] 2019-12-02 21:56:08 OrkService - Ork Service Initialized
[DEBUG] 2019-12-02 21:56:09 OrkService - add Ork called from Ork service
[DEBUG] 2019-12-02 21:56:56 OrkService - Ork Service Initialized
[DEBUG] 2019-12-02 21:56:56 OrkService - get Ork By Name called from Ork service
[DEBUG] 2019-12-02 21:56:56 OrkService - Ork Service Initialized
[DEBUG] 2019-12-02 21:56:56 OrkService - kill Ork called from Ork service
[DEBUG] 2019-12-02 21:56:56 OrkService - Ork Service Initialized
[DEBUG] 2019-12-02 21:56:56 OrkService - kill Ork called from Ork service
[DEBUG] 2019-12-02 21:56:56 OrkService - Ork Service Initialized
[DEBUG] 2019-12-02 21:56:56 OrkService - add Ork called from Ork service
[DEBUG] 2019-12-02 21:56:56 OrkService - Ork Service Initialized
[DEBUG] 2019-12-02 21:56:56 OrkService - get All Ork called from Ork service
[DEBUG] 2019-12-02 21:56:56 OrkService - Ork Service Initialized
[DEBUG] 2019-12-02 21:56:56 OrkService - get Ork By Name called from Ork service
[DEBUG] 2019-12-02 21:58:01 OrkService - Ork Service Initialized
[DEBUG] 2019-12-02 21:58:01 OrkService - get Ork By Name called from Ork service
[DEBUG] 2019-12-02 21:58:01 OrkService - Ork Service Initialized
[DEBUG] 2019-12-02 21:58:01 OrkService - kill Ork called from Ork service
[DEBUG] 2019-12-02 21:58:01 OrkService - Ork Service Initialized
[DEBUG] 2019-12-02 21:58:02 OrkService - kill Ork called from Ork service
[DEBUG] 2019-12-02 21:58:02 OrkService - Ork Service Initialized
[DEBUG] 2019-12-02 21:58:02 OrkService - get All Ork called from Ork service
[DEBUG] 2019-12-02 21:58:02 OrkService - Ork Service Initialized
[DEBUG] 2019-12-02 21:58:02 OrkService - get Ork By Name called from Ork service
[DEBUG] 2019-12-02 22:07:24 OrkService - Ork Service Initialized
[DEBUG] 2019-12-02 22:07:24 OrkService - add Ork called from Ork service
[DEBUG] 2019-12-02 22:07:54 OrkService - Ork Service Initialized
[DEBUG] 2019-12-02 22:07:54 OrkService - add Ork called from Ork service
[DEBUG] 2019-12-02 22:07:54 OrkService - get All Ork called from Ork service
[DEBUG] 2019-12-02 22:08:10 OrkService - Ork Service Initialized
[DEBUG] 2019-12-02 22:08:10 OrkService - get Ork By Name called from Ork service
[DEBUG] 2019-12-02 22:08:10 OrkService - Ork Service Initialized
[DEBUG] 2019-12-02 22:08:10 OrkService - kill Ork called from Ork service
[DEBUG] 2019-12-02 22:08:10 OrkService - Ork Service Initialized
[DEBUG] 2019-12-02 22:08:10 OrkService - kill Ork called from Ork service
[DEBUG] 2019-12-02 22:08:10 OrkService - Ork Service Initialized
[DEBUG] 2019-12-02 22:08:10 OrkService - add Ork called from Ork service
[DEBUG] 2019-12-02 22:08:10 OrkService - Ork Service Initialized
[DEBUG] 2019-12-02 22:08:10 OrkService - get All Ork called from Ork service
[DEBUG] 2019-12-02 22:08:10 OrkService - Ork Service Initialized
[DEBUG] 2019-12-02 22:08:10 OrkService - add Ork called from Ork service
[DEBUG] 2019-12-02 22:08:10 OrkService - get All Ork called from Ork service
[DEBUG] 2019-12-02 22:08:10 OrkService - Ork Service Initialized
[DEBUG] 2019-12-02 22:08:10 OrkService - get Ork By Name called from Ork service
